{"code":"ENOTFOUND","hostname":"_mongodb._tcp.lawnova.b9tmn80.mongodb.net","level":"error","message":"Failed to start server: querySrv ENOTFOUND _mongodb._tcp.lawnova.b9tmn80.mongodb.net","service":"user-service","stack":"Error: querySrv ENOTFOUND _mongodb._tcp.lawnova.b9tmn80.mongodb.net\n    at QueryReqWrap.onresolve [as oncomplete] (node:internal/dns/promises:294:17)","syscall":"querySrv","timestamp":"2025-12-17 12:54:47"}
{"code":"ENOTFOUND","hostname":"_mongodb._tcp.lawnova.b9tmn80.mongodb.net","level":"error","message":"Failed to start server: querySrv ENOTFOUND _mongodb._tcp.lawnova.b9tmn80.mongodb.net","service":"user-service","stack":"Error: querySrv ENOTFOUND _mongodb._tcp.lawnova.b9tmn80.mongodb.net\n    at QueryReqWrap.onresolve [as oncomplete] (node:internal/dns/promises:294:17)","syscall":"querySrv","timestamp":"2025-12-17 12:54:59"}
{"code":"ENOTFOUND","hostname":"_mongodb._tcp.lawnova.b9tmn80.mongodb.net","level":"error","message":"Failed to start server: querySrv ENOTFOUND _mongodb._tcp.lawnova.b9tmn80.mongodb.net","service":"user-service","stack":"Error: querySrv ENOTFOUND _mongodb._tcp.lawnova.b9tmn80.mongodb.net\n    at QueryReqWrap.onresolve [as oncomplete] (node:internal/dns/promises:294:17)","syscall":"querySrv","timestamp":"2025-12-17 12:55:05"}
{"code":"ENOTFOUND","hostname":"_mongodb._tcp.lawnova.b9tmn80.mongodb.net","level":"error","message":"Failed to start server: querySrv ENOTFOUND _mongodb._tcp.lawnova.b9tmn80.mongodb.net","service":"user-service","stack":"Error: querySrv ENOTFOUND _mongodb._tcp.lawnova.b9tmn80.mongodb.net\n    at QueryReqWrap.onresolve [as oncomplete] (node:internal/dns/promises:294:17)","syscall":"querySrv","timestamp":"2025-12-17 12:55:48"}
{"code":"ENOTFOUND","hostname":"_mongodb._tcp.lawnova.b9tmn80.mongodb.net","level":"error","message":"Failed to start server: querySrv ENOTFOUND _mongodb._tcp.lawnova.b9tmn80.mongodb.net","service":"user-service","stack":"Error: querySrv ENOTFOUND _mongodb._tcp.lawnova.b9tmn80.mongodb.net\n    at QueryReqWrap.onresolve [as oncomplete] (node:internal/dns/promises:294:17)","syscall":"querySrv","timestamp":"2025-12-17 12:56:23"}
{"code":"ENOTFOUND","hostname":"_mongodb._tcp.lawnova.b9tmn80.mongodb.net","level":"error","message":"Failed to start server: querySrv ENOTFOUND _mongodb._tcp.lawnova.b9tmn80.mongodb.net","service":"user-service","stack":"Error: querySrv ENOTFOUND _mongodb._tcp.lawnova.b9tmn80.mongodb.net\n    at QueryReqWrap.onresolve [as oncomplete] (node:internal/dns/promises:294:17)","syscall":"querySrv","timestamp":"2025-12-17 12:57:38"}
{"code":"ENOTFOUND","hostname":"_mongodb._tcp.lawnova.b9tmn80.mongodb.net","level":"error","message":"Failed to start server: querySrv ENOTFOUND _mongodb._tcp.lawnova.b9tmn80.mongodb.net","service":"user-service","stack":"Error: querySrv ENOTFOUND _mongodb._tcp.lawnova.b9tmn80.mongodb.net\n    at QueryReqWrap.onresolve [as oncomplete] (node:internal/dns/promises:294:17)","syscall":"querySrv","timestamp":"2025-12-17 12:58:09"}
{"code":"ENOTFOUND","hostname":"_mongodb._tcp.lawnova.b9tmn80.mongodb.net","level":"error","message":"Failed to start server: querySrv ENOTFOUND _mongodb._tcp.lawnova.b9tmn80.mongodb.net","service":"user-service","stack":"Error: querySrv ENOTFOUND _mongodb._tcp.lawnova.b9tmn80.mongodb.net\n    at QueryReqWrap.onresolve [as oncomplete] (node:internal/dns/promises:294:17)","syscall":"querySrv","timestamp":"2025-12-17 12:58:12"}
{"code":"ENOTFOUND","hostname":"_mongodb._tcp.lawnova.b9tmn80.mongodb.net","level":"error","message":"Failed to start server: querySrv ENOTFOUND _mongodb._tcp.lawnova.b9tmn80.mongodb.net","service":"user-service","stack":"Error: querySrv ENOTFOUND _mongodb._tcp.lawnova.b9tmn80.mongodb.net\n    at QueryReqWrap.onresolve [as oncomplete] (node:internal/dns/promises:294:17)","syscall":"querySrv","timestamp":"2025-12-17 12:58:17"}
{"code":"ENOTFOUND","hostname":"_mongodb._tcp.lawnova.b9tmn80.mongodb.net","level":"error","message":"Failed to start server: querySrv ENOTFOUND _mongodb._tcp.lawnova.b9tmn80.mongodb.net","service":"user-service","stack":"Error: querySrv ENOTFOUND _mongodb._tcp.lawnova.b9tmn80.mongodb.net\n    at QueryReqWrap.onresolve [as oncomplete] (node:internal/dns/promises:294:17)","syscall":"querySrv","timestamp":"2025-12-17 12:58:40"}
{"code":"ENOTFOUND","hostname":"_mongodb._tcp.lawnova.b9tmn80.mongodb.net","level":"error","message":"Failed to start server: querySrv ENOTFOUND _mongodb._tcp.lawnova.b9tmn80.mongodb.net","service":"user-service","stack":"Error: querySrv ENOTFOUND _mongodb._tcp.lawnova.b9tmn80.mongodb.net\n    at QueryReqWrap.onresolve [as oncomplete] (node:internal/dns/promises:294:17)","syscall":"querySrv","timestamp":"2025-12-17 12:59:14"}
{"level":"info","message":"Server running on port 5002","service":"user-service","timestamp":"2025-12-17 13:05:38"}
{"level":"info","message":"API documentation available at http://localhost:5002/api-docs","service":"user-service","timestamp":"2025-12-17 13:05:38"}
{"code":"ENOTFOUND","hostname":"_mongodb._tcp.lawnova.b9tmn80.mongodb.net","level":"error","message":"Failed to start server: querySrv ENOTFOUND _mongodb._tcp.lawnova.b9tmn80.mongodb.net","service":"user-service","stack":"Error: querySrv ENOTFOUND _mongodb._tcp.lawnova.b9tmn80.mongodb.net\n    at QueryReqWrap.onresolve [as oncomplete] (node:internal/dns/promises:294:17)","syscall":"querySrv","timestamp":"2025-12-17 13:06:22"}
{"code":"ENOTFOUND","hostname":"_mongodb._tcp.lawnova.b9tmn80.mongodb.net","level":"error","message":"Failed to start server: querySrv ENOTFOUND _mongodb._tcp.lawnova.b9tmn80.mongodb.net","service":"user-service","stack":"Error: querySrv ENOTFOUND _mongodb._tcp.lawnova.b9tmn80.mongodb.net\n    at QueryReqWrap.onresolve [as oncomplete] (node:internal/dns/promises:294:17)","syscall":"querySrv","timestamp":"2025-12-17 13:09:51"}
{"level":"info","message":"Server running on port 5002","service":"user-service","timestamp":"2025-12-17 13:11:30"}
{"level":"info","message":"API documentation available at http://localhost:5002/api-docs","service":"user-service","timestamp":"2025-12-17 13:11:30"}
{"level":"info","message":"Server running on port 5002","service":"user-service","timestamp":"2025-12-17 13:29:57"}
{"level":"info","message":"API documentation available at http://localhost:5002/api-docs","service":"user-service","timestamp":"2025-12-17 13:29:57"}
{"level":"info","message":"Server running on port 5002","service":"user-service","timestamp":"2025-12-17 13:30:07"}
{"level":"info","message":"API documentation available at http://localhost:5002/api-docs","service":"user-service","timestamp":"2025-12-17 13:30:07"}
{"code":"VALIDATION_ERROR","level":"error","message":"Error occurred Validation failed","method":"POST","path":"/auth/register","service":"user-service","timestamp":"2025-12-17 13:30:12"}
{"code":"VALIDATION_ERROR","level":"error","message":"Error occurred Validation failed","method":"POST","path":"/auth/register","service":"user-service","timestamp":"2025-12-17 13:30:13"}
{"code":"VALIDATION_ERROR","level":"error","message":"Error occurred Validation failed","method":"POST","path":"/auth/register","service":"user-service","timestamp":"2025-12-17 13:30:15"}
{"code":"USER_ALREADY_EXISTS","level":"error","message":"Error occurred Email already registered","method":"POST","path":"/auth/register","service":"user-service","timestamp":"2025-12-17 13:50:52"}
{"code":"USER_ALREADY_EXISTS","level":"error","message":"Error occurred Email already registered","method":"POST","path":"/auth/register","service":"user-service","timestamp":"2025-12-17 13:51:23"}
{"code":"USER_ALREADY_EXISTS","level":"error","message":"Error occurred Email already registered","method":"POST","path":"/auth/register","service":"user-service","timestamp":"2025-12-17 13:51:41"}
{"email":"janithviranga001@gmail.com","level":"info","message":"User registered","service":"user-service","timestamp":"2025-12-17 13:52:33","userId":"69426849bbc3d3e4d129421a"}
{"email":"janithviranga001@gmail.com","level":"info","message":"User logged in","service":"user-service","timestamp":"2025-12-17 13:52:56","userId":"69426849bbc3d3e4d129421a"}
{"email":"janithviranga001@gmail.com","level":"info","message":"User logged in","service":"user-service","timestamp":"2025-12-17 13:56:32","userId":"69426849bbc3d3e4d129421a"}
